<?xml version="1.0" encoding="UTF-8"?>
<!-- Generated by org.testng.reporters.JUnitReportReporter -->
<testsuite hostname="LAPTOP-LCLJAJ2G" failures="0" tests="1" name="scripts.TestCase2" time="0.001" errors="0" timestamp="2022-12-29T09:40:46 IST" skipped="0">
  <testcase classname="scripts.TestCase2" name="demo" time="0.001"/>
  <system-out>
    <![CDATA[Hello Python ]]>
  </system-out>
</testsuite> <!-- scripts.TestCase2 -->
