<?xml version="1.0" encoding="UTF-8"?>
<!-- Generated by org.testng.reporters.JUnitReportReporter -->
<testsuite hostname="LAPTOP-LCLJAJ2G" failures="0" tests="1" name="scripts.TestCase01" time="0.013" errors="0" timestamp="2022-12-29T09:40:46 IST" skipped="0">
  <testcase classname="scripts.TestCase01" name="demo" time="0.013"/>
  <system-out>
    <![CDATA[Hello java ]]>
  </system-out>
</testsuite> <!-- scripts.TestCase01 -->
